<?xml version="1.0" encoding="UTF-8"?>
<!-- Generated by org.testng.reporters.JUnitReportReporter -->
<testsuite hostname="DESKTOP-2B3JTOR" failures="0" tests="1" name="FirstPackage.Customers" time="13.682" errors="0" timestamp="2021-01-05T11:18:19 IST" skipped="0">
  <testcase classname="FirstPackage.Customers" name="create" time="13.682"/>
  <system-out/>
</testsuite> <!-- FirstPackage.Customers -->
